<?xml version="1.0" encoding="UTF-8"?>
<!-- Generated by org.testng.reporters.JUnitXMLReporter -->
<testsuite hostname="DineshkumarsMBP.home" ignored="0" name="Command line test" tests="4" failures="0" timestamp="01 Jan 2019 09:34:14 GMT" time="5.16" errors="0">
  <testcase name="deleteAPItest" time="0.816" classname="com.qa.httptests.DeleteAPITestCase"/>
  <testcase name="getAPITest" time="3.476" classname="com.qa.httptests.GetAPITestCase"/>
  <testcase name="postAPItest" time="0.526" classname="com.qa.httptests.PostAPITestCase"/>
  <testcase name="putAPItest" time="0.305" classname="com.qa.httptests.PutAPITestCase"/>
</testsuite> <!-- Command line test -->
