<?xml version="1.0" encoding="UTF-8"?>
<testng-results skipped="0" failed="0" ignored="0" total="4" passed="4">
  <reporter-output>
  </reporter-output>
  <suite name="Command line suite" duration-ms="5160" started-at="2019-01-01T09:34:09Z" finished-at="2019-01-01T09:34:14Z">
    <groups>
    </groups>
    <test name="Command line test" duration-ms="5160" started-at="2019-01-01T09:34:09Z" finished-at="2019-01-01T09:34:14Z">
      <class name="com.qa.httptests.GetAPITestCase">
        <test-method status="PASS" signature="getAPITest()[pri:0, instance:com.qa.httptests.GetAPITestCase@2d6e8792]" name="getAPITest" duration-ms="3476" started-at="2019-01-01T09:34:10Z" finished-at="2019-01-01T09:34:13Z">
          <reporter-output>
          </reporter-output>
        </test-method> <!-- getAPITest -->
        <test-method status="PASS" signature="setup()[pri:0, instance:com.qa.httptests.GetAPITestCase@2d6e8792]" name="setup" is-config="true" duration-ms="0" started-at="2019-01-01T09:34:10Z" finished-at="2019-01-01T09:34:10Z">
          <reporter-output>
          </reporter-output>
        </test-method> <!-- setup -->
      </class> <!-- com.qa.httptests.GetAPITestCase -->
      <class name="com.qa.httptests.PostAPITestCase">
        <test-method status="PASS" signature="setup()[pri:0, instance:com.qa.httptests.PostAPITestCase@2812cbfa]" name="setup" is-config="true" duration-ms="1" started-at="2019-01-01T09:34:13Z" finished-at="2019-01-01T09:34:13Z">
          <reporter-output>
          </reporter-output>
        </test-method> <!-- setup -->
        <test-method status="PASS" signature="postAPItest()[pri:0, instance:com.qa.httptests.PostAPITestCase@2812cbfa]" name="postAPItest" duration-ms="526" started-at="2019-01-01T09:34:13Z" finished-at="2019-01-01T09:34:14Z">
          <reporter-output>
          </reporter-output>
        </test-method> <!-- postAPItest -->
      </class> <!-- com.qa.httptests.PostAPITestCase -->
      <class name="com.qa.httptests.DeleteAPITestCase">
        <test-method status="PASS" signature="setup()[pri:0, instance:com.qa.httptests.DeleteAPITestCase@17f6480]" name="setup" is-config="true" duration-ms="5" started-at="2019-01-01T09:34:09Z" finished-at="2019-01-01T09:34:09Z">
          <reporter-output>
          </reporter-output>
        </test-method> <!-- setup -->
        <test-method status="PASS" signature="deleteAPItest()[pri:0, instance:com.qa.httptests.DeleteAPITestCase@17f6480]" name="deleteAPItest" duration-ms="816" started-at="2019-01-01T09:34:09Z" finished-at="2019-01-01T09:34:10Z">
          <reporter-output>
          </reporter-output>
        </test-method> <!-- deleteAPItest -->
      </class> <!-- com.qa.httptests.DeleteAPITestCase -->
      <class name="com.qa.httptests.PutAPITestCase">
        <test-method status="PASS" signature="setup()[pri:0, instance:com.qa.httptests.PutAPITestCase@2acf57e3]" name="setup" is-config="true" duration-ms="0" started-at="2019-01-01T09:34:14Z" finished-at="2019-01-01T09:34:14Z">
          <reporter-output>
          </reporter-output>
        </test-method> <!-- setup -->
        <test-method status="PASS" signature="putAPItest()[pri:0, instance:com.qa.httptests.PutAPITestCase@2acf57e3]" name="putAPItest" duration-ms="305" started-at="2019-01-01T09:34:14Z" finished-at="2019-01-01T09:34:14Z">
          <reporter-output>
          </reporter-output>
        </test-method> <!-- putAPItest -->
      </class> <!-- com.qa.httptests.PutAPITestCase -->
    </test> <!-- Command line test -->
  </suite> <!-- Command line suite -->
</testng-results>
